This is pdfTeX, Version 3.141592653-2.6-1.40.25 (TeX Live 2023/Debian) (preloaded format=pdflatex 2024.6.28)  29 JUN 2024 18:11
entering extended mode
 restricted \write18 enabled.
 %&-line parsing enabled.
**main.tex
(./main.tex
LaTeX2e <2023-11-01> patch level 1
L3 programming layer <2024-01-22>
(/usr/share/texlive/texmf-dist/tex/latex/base/book.cls
Document Class: book 2023/05/17 v1.4n Standard LaTeX document class
(/usr/share/texlive/texmf-dist/tex/latex/base/bk11.clo
File: bk11.clo 2023/05/17 v1.4n Standard LaTeX file (size option)
)
\c@part=\count187
\c@chapter=\count188
\c@section=\count189
\c@subsection=\count190
\c@subsubsection=\count191
\c@paragraph=\count192
\c@subparagraph=\count193
\c@figure=\count194
\c@table=\count195
\abovecaptionskip=\skip48
\belowcaptionskip=\skip49
\bibindent=\dimen140
)
(/usr/share/texlive/texmf-dist/tex/latex/import/import.sty
Package: import 2020/04/01  v 6.2
)
(/usr/share/texlive/texmf-dist/tex/latex/parskip/parskip.sty
Package: parskip 2021-03-14 v2.0h non-zero parskip adjustments

(/usr/share/texlive/texmf-dist/tex/latex/kvoptions/kvoptions.sty
Package: kvoptions 2022-06-15 v3.15 Key value format for package options (HO)

(/usr/share/texlive/texmf-dist/tex/latex/graphics/keyval.sty
Package: keyval 2022/05/29 v1.15 key=value parser (DPC)
\KV@toks@=\toks17
)
(/usr/share/texlive/texmf-dist/tex/generic/ltxcmds/ltxcmds.sty
Package: ltxcmds 2023-12-04 v1.26 LaTeX kernel commands for general use (HO)
)
(/usr/share/texlive/texmf-dist/tex/latex/kvsetkeys/kvsetkeys.sty
Package: kvsetkeys 2022-10-05 v1.19 Key value parser (HO)
))
(/usr/share/texlive/texmf-dist/tex/latex/etoolbox/etoolbox.sty
Package: etoolbox 2020/10/05 v2.5k e-TeX tools for LaTeX (JAW)
\etb@tempcnta=\count196
))
(/usr/share/texlive/texmf-dist/tex/latex/graphics/graphicx.sty
Package: graphicx 2021/09/16 v1.2d Enhanced LaTeX Graphics (DPC,SPQR)

(/usr/share/texlive/texmf-dist/tex/latex/graphics/graphics.sty
Package: graphics 2022/03/10 v1.4e Standard LaTeX Graphics (DPC,SPQR)

(/usr/share/texlive/texmf-dist/tex/latex/graphics/trig.sty
Package: trig 2021/08/11 v1.11 sin cos tan (DPC)
)
(/usr/share/texlive/texmf-dist/tex/latex/graphics-cfg/graphics.cfg
File: graphics.cfg 2016/06/04 v1.11 sample graphics configuration
)
Package graphics Info: Driver file: pdftex.def on input line 107.

(/usr/share/texlive/texmf-dist/tex/latex/graphics-def/pdftex.def
File: pdftex.def 2022/09/22 v1.2b Graphics/color driver for pdftex
))
\Gin@req@height=\dimen141
\Gin@req@width=\dimen142
)
(/usr/share/texlive/texmf-dist/tex/latex/l3backend/l3backend-pdftex.def
File: l3backend-pdftex.def 2024-01-04 L3 backend support: PDF output (pdfTeX)
\l__color_backend_stack_int=\count197
\l__pdf_internal_box=\box51
)
(./main.aux)
\openout1 = `main.aux'.

LaTeX Font Info:    Checking defaults for OML/cmm/m/it on input line 10.
LaTeX Font Info:    ... okay on input line 10.
LaTeX Font Info:    Checking defaults for OMS/cmsy/m/n on input line 10.
LaTeX Font Info:    ... okay on input line 10.
LaTeX Font Info:    Checking defaults for OT1/cmr/m/n on input line 10.
LaTeX Font Info:    ... okay on input line 10.
LaTeX Font Info:    Checking defaults for T1/cmr/m/n on input line 10.
LaTeX Font Info:    ... okay on input line 10.
LaTeX Font Info:    Checking defaults for TS1/cmr/m/n on input line 10.
LaTeX Font Info:    ... okay on input line 10.
LaTeX Font Info:    Checking defaults for OMX/cmex/m/n on input line 10.
LaTeX Font Info:    ... okay on input line 10.
LaTeX Font Info:    Checking defaults for U/cmr/m/n on input line 10.
LaTeX Font Info:    ... okay on input line 10.
 (/usr/share/texlive/texmf-dist/tex/context/base/mkii/supp-pdf.mkii
[Loading MPS to PDF converter (version 2006.09.02).]
\scratchcounter=\count198
\scratchdimen=\dimen143
\scratchbox=\box52
\nofMPsegments=\count199
\nofMParguments=\count266
\everyMPshowfont=\toks18
\MPscratchCnt=\count267
\MPscratchDim=\dimen144
\MPnumerator=\count268
\makeMPintoPDFobject=\count269
\everyMPtoPDFconversion=\toks19
) (/usr/share/texlive/texmf-dist/tex/latex/epstopdf-pkg/epstopdf-base.sty
Package: epstopdf-base 2020-01-24 v2.11 Base part for package epstopdf
Package epstopdf-base Info: Redefining graphics rule for `.eps' on input line 4
85.

(/usr/share/texlive/texmf-dist/tex/latex/latexconfig/epstopdf-sys.cfg
File: epstopdf-sys.cfg 2010/07/13 v1.3 Configuration of (r)epstopdf for TeX Liv
e
))
LaTeX Font Info:    External font `cmex10' loaded for size
(Font)              <12> on input line 11.
LaTeX Font Info:    External font `cmex10' loaded for size
(Font)              <8> on input line 11.
LaTeX Font Info:    External font `cmex10' loaded for size
(Font)              <6> on input line 11.

[1


{/var/lib/texmf/fonts/map/pdftex/updmap/pdftex.map}] [2

] (./main.toc
LaTeX Font Info:    External font `cmex10' loaded for size
(Font)              <10.95> on input line 2.
)
\tf@toc=\write3
\openout3 = `main.toc'.


(./1. God/Latin Text.tex [3] [4

]
Chapter 1.
<./Images/God.png, id=21, 176.8206pt x 119.2455pt>
File: ./Images/God.png Graphic file (type png)
<use ./Images/God.png>
Package pdftex.def Info: ./Images/God.png  used on input line 3.
(pdftex.def)             Requested size: 265.23021pt x 178.86778pt.
LaTeX Font Info:    External font `cmex10' loaded for size
(Font)              <9> on input line 10.
LaTeX Font Info:    External font `cmex10' loaded for size
(Font)              <5> on input line 10.

Underfull \vbox (badness 10000) has occurred while \output is active []

 [5 <./Images/God.png>] [6]
Underfull \vbox (badness 5036) has occurred while \output is active []

 [7])
(./2. World/Latin Text.tex [8]
Chapter 2.
<./Images/World.png, id=41, 144.7809pt x 138.5175pt>
File: ./Images/World.png Graphic file (type png)
<use ./Images/World.png>
Package pdftex.def Info: ./Images/World.png  used on input line 3.
(pdftex.def)             Requested size: 217.17079pt x 207.77573pt.
[9

 <./Images/World.png>]
Underfull \vbox (badness 5908) has occurred while \output is active []

 [10])
(./3. Heaven/Latin Text.tex [11] [12

]
Chapter 3.
<./Images/Heaven.png, id=55, 175.1343pt x 121.4136pt>
File: ./Images/Heaven.png Graphic file (type png)
<use ./Images/Heaven.png>
Package pdftex.def Info: ./Images/Heaven.png  used on input line 3.
(pdftex.def)             Requested size: 262.70079pt x 182.11995pt.

Overfull \hbox (7.5554pt too wide) in paragraph at lines 10--10
\OT1/cmr/m/n/10.95 Deus as-cen-dit in caelum, s^^V^^P sine cor-pore[] et sine l
oc^^Vo est? Deus in-carn^^Vati^^Vonem[]
 []


Underfull \vbox (badness 6032) has occurred while \output is active []

 [13 <./Images/Heaven.png>] [14]
Underfull \vbox (badness 1132) has occurred while \output is active []

 [15])
(./4. Fire/Latin Text.tex [16]
Chapter 4.
<./Images/Fire.png, id=70, 175.1343pt x 121.4136pt>
File: ./Images/Fire.png Graphic file (type png)
<use ./Images/Fire.png>
Package pdftex.def Info: ./Images/Fire.png  used on input line 3.
(pdftex.def)             Requested size: 262.70079pt x 182.11995pt.

Underfull \vbox (badness 4303) has occurred while \output is active []

 [17

 <./Images/Fire.png>]
Overfull \hbox (11.61153pt too wide) in paragraph at lines 11--11
\OT1/cmr/m/n/10.95 icem(2)[] cum chalybe. Deinde ex sil-ice scin-tilla[] vol^^V
avit in sus-cit^^Vabulum(3)[].
 []


Underfull \vbox (badness 3977) has occurred while \output is active []

 [18]
Overfull \hbox (3.20956pt too wide) in paragraph at lines 12--12
\OT1/cmr/m/n/10.95 ^^Vardet[]. Eliseus po-suit manum eius in lign^^Vo, et lignu
m us-sit[] eum. "OOOW"
 []


Underfull \vbox (badness 10000) has occurred while \output is active []

 [19]
[20]
Underfull \vbox (badness 1205) has occurred while \output is active []

 [21]
Overfull \hbox (15.4307pt too wide) in paragraph at lines 17--18
[]\OT1/cmr/m/n/10.95 Vest^^V^^Pmentum Elis^^Ve^^V^^P crem^^Vavit[], flamma ext^
^V^^Pncta[] fuit. Flamma in vest^^V^^Pment^^Vo
 []


Underfull \vbox (badness 3568) has occurred while \output is active []

 [22])
[23] (./main.aux)
 ***********
LaTeX2e <2023-11-01> patch level 1
L3 programming layer <2024-01-22>
 ***********
 ) 
Here is how much of TeX's memory you used:
 2177 strings out of 474222
 35072 string characters out of 5748733
 1938975 words of memory out of 5000000
 24409 multiletter control sequences out of 15000+600000
 565718 words of font info for 61 fonts, out of 8000000 for 9000
 1141 hyphenation exceptions out of 8191
 57i,10n,65p,2610b,218s stack positions out of 10000i,1000n,20000p,200000b,200000s
</usr/share/texlive/texmf-dist/fonts/type1/public/amsfonts/cm/cmbx10.pfb></us
r/share/texlive/texmf-dist/fonts/type1/public/amsfonts/cm/cmbx12.pfb></usr/shar
e/texlive/texmf-dist/fonts/type1/public/amsfonts/cm/cmbx9.pfb></usr/share/texli
ve/texmf-dist/fonts/type1/public/amsfonts/cm/cmr10.pfb></usr/share/texlive/texm
f-dist/fonts/type1/public/amsfonts/cm/cmr12.pfb></usr/share/texlive/texmf-dist/
fonts/type1/public/amsfonts/cm/cmr17.pfb></usr/share/texlive/texmf-dist/fonts/t
ype1/public/amsfonts/cm/cmr6.pfb></usr/share/texlive/texmf-dist/fonts/type1/pub
lic/amsfonts/cm/cmr8.pfb></usr/share/texlive/texmf-dist/fonts/type1/public/amsf
onts/cm/cmr9.pfb></usr/share/texlive/texmf-dist/fonts/type1/public/amsfonts/cm/
cmsl10.pfb>
Output written on main.pdf (23 pages, 1489956 bytes).
PDF statistics:
 137 PDF objects out of 1000 (max. 8388607)
 83 compressed objects within 1 object stream
 0 named destinations out of 1000 (max. 500000)
 21 words of extra memory for PDF output out of 10000 (max. 10000000)

